     1                                  %INCLUDE "winAPI.inc"		;;Declare external procedure {winapi}
     1                              <1> extern ExitProcess
     2                              <1> extern AllocConsole 
     3                              <1> extern FreeConsole 
     4                              <1> extern SetConsoleTitleA 
     5                              <1> extern Sleep 
     6                              <1> extern GetStdHandle
     7                              <1> extern ReadFile
     8                              <1> extern WriteFile
     9                              <1> EXTERN MessageBoxA	
    10                              <1> 
    11                              <1> import ExitProcess		kernel32.dll
    12                              <1> import AllocConsole		kernel32.dll 
    13                              <1> import FreeConsole		kernel32.dll 
    14                              <1> import SetConsoleTitleA	kernel32.dll 
    15                              <1> import Sleep 			kernel32.dll
    16                              <1> import GetStdHandle 	kernel32.dll
    17                              <1> import ReadFile			kernel32.dll
    18                              <1> import WriteFile		kernel32.dll
    19                              <1> IMPORT MessageBoxA 		user32.dll
     2                                  %INCLUDE "Console1.mac"		;;Macro definition
     1                              <1> %macro NewConsole 3
     2                              <1> 	
     3                              <1> 	call [AllocConsole] 
     4                              <1> 
     5                              <1> 	push dword %1 
     6                              <1> 	call [SetConsoleTitleA] 
     7                              <1> 
     8                              <1> 	push dword -11 				
     9                              <1> 	call [GetStdHandle] 
    10                              <1> 	mov dword [%2], eax 
    11                              <1> 
    12                              <1> 	push dword -10				 
    13                              <1> 	call [GetStdHandle] 
    14                              <1> 	mov dword [%3], eax 
    15                              <1> 
    16                              <1> %endmacro
    17                              <1> 
    18                              <1> %macro QuitConsole 0
    19                              <1> 	call [FreeConsole] 
    20                              <1> 	xor eax, eax 
    21                              <1> 	push eax 
    22                              <1> 	call [ExitProcess]
    23                              <1> %endmacro
    24                              <1> 
    25                              <1> %macro Wait 1
    26                              <1> 	push dword %1*1000 		;; delay %1/1000 second 
    27                              <1> 	call [Sleep] 
    28                              <1> %endmacro
    29                              <1> 
    30                              <1> %macro DisplayText 4
    31                              <1> 	push dword 0 				
    32                              <1> 	push dword %4				
    33                              <1> 	push dword [%3] 			
    34                              <1> 	push dword %2				
    35                              <1> 	push dword [%1] 			
    36                              <1> 	call [WriteFile] 
    37                              <1> %endmacro
    38                              <1> 
    39                              <1> %macro GetText 4
    40                              <1> 	push dword 0 		
    41                              <1> 	push dword %4 		
    42                              <1> 	push dword [%3] 	
    43                              <1> 	push dword %2 		
    44                              <1> 	push dword [%1] 	
    45                              <1> 	call [ReadFile] 			
    46                              <1> %endmacro
     3                                  
     4                                  section .data
     5 00000000 48656C6C6F6F6F6F6F-     cTitle   	db "Hellooooo",0 
     5 00000009 00                 
     6                                  
     7 0000000A 0D0A0D0A594F555220-     msg1 		db 13,10,13,10,"YOUR NAME : ",0
     7 00000013 4E414D45203A2000   
     8 0000001B 11000000                msg1_len 	dd $-msg1
     9                                  
    10 0000001F 48656C6C6F2000          mbtitle 	db 'Hello ',0
    11 00000026 476F6F64204D6F726E-     mbtext		db 'Good Morning '
    11 0000002F 696E6720           
    12 00000033 <res 00000040>          buff		resb 64
    13 00000073 40000000                buff_len	dd 64
    14                                  
    15 00000077 202D2D20476F642042-     text2   	db ' -- God Bless You !!!',0
    15 00000080 6C65737320596F7520-
    15 00000089 21212100           
    16 0000008D 16000000                ptext2  	dd $-text2
    17                                  
    18                                  section .bss
    19 00000000 <res 00000004>          hStdOut		resd 1 
    20 00000004 <res 00000004>          hStdIn		resd 1 
    21 00000008 <res 00000004>          nBytes		resd 1
    22 0000000C <res 00000004>          iBytes		resd 1
    23                                  
    24                                  section .text use32
    25                                  ..start:
    26                                  NewConsole 	cTitle, hStdOut, hStdIn
    26                              <1> 
    26 00000000 FF15[00000000]      <1>  call [AllocConsole]
    26                              <1> 
    26 00000006 68[00000000]        <1>  push dword %1
    26 0000000B FF15[00000000]      <1>  call [SetConsoleTitleA]
    26                              <1> 
    26 00000011 6AF5                <1>  push dword -11
    26 00000013 FF15[00000000]      <1>  call [GetStdHandle]
    26 00000019 A3[00000000]        <1>  mov dword [%2], eax
    26                              <1> 
    26 0000001E 6AF6                <1>  push dword -10
    26 00000020 FF15[00000000]      <1>  call [GetStdHandle]
    26 00000026 A3[04000000]        <1>  mov dword [%3], eax
    26                              <1> 
    27                                  
    28                                  Again:
    29                                  DisplayText	hStdOut, msg1, msg1_len, nBytes
    29 0000002B 6A00                <1>  push dword 0
    29 0000002D 68[08000000]        <1>  push dword %4
    29 00000032 FF35[1B000000]      <1>  push dword [%3]
    29 00000038 68[0A000000]        <1>  push dword %2
    29 0000003D FF35[00000000]      <1>  push dword [%1]
    29 00000043 FF15[00000000]      <1>  call [WriteFile]
    30                                  GetText		hStdIn, buff, buff_len, iBytes
    30 00000049 6A00                <1>  push dword 0
    30 0000004B 68[0C000000]        <1>  push dword %4
    30 00000050 FF35[73000000]      <1>  push dword [%3]
    30 00000056 68[33000000]        <1>  push dword %2
    30 0000005B FF35[04000000]      <1>  push dword [%1]
    30 00000061 FF15[00000000]      <1>  call [ReadFile]
    31 00000067 E815000000              CALL mbox
    32                                  
    33 0000006C 83F801                  CMP EAX,1
    34 0000006F 74BA                    JE Again
    35                                  
    36                                  QuitConsole
    36 00000071 FF15[00000000]      <1>  call [FreeConsole]
    36 00000077 31C0                <1>  xor eax, eax
    36 00000079 50                  <1>  push eax
    36 0000007A FF15[00000000]      <1>  call [ExitProcess]
    37                                  	
    38 00000080 C3                      RET
    39                                  
    40                                  ; Display on MessageBox 
    41                                  ;-------------------------------------------------------------------------------------
    42                                  mbox:
    43 00000081 BE[33000000]             mov esi, buff			; mbtext + buff + text2 (concatenate 3 string)
    44 00000086 0335[0C000000]           add esi, [iBytes]
    45 0000008C 83EE02                   sub esi,2
    46                                  
    47 0000008F B220                     mov dl,' '
    48 00000091 8816                     mov [esi], dl
    49 00000093 46                       inc esi
    50 00000094 8B0D[8D000000]           mov ecx, [ptext2]
    51 0000009A BB[77000000]             mov ebx, text2
    52                                   cptx:
    53 0000009F 8A13                    	mov dl, byte [ebx]
    54 000000A1 8816                    	mov [esi], dl
    55 000000A3 46                      	inc esi
    56 000000A4 43                      	inc ebx
    57 000000A5 E2F8                     loop cptx
    58                                   
    59 000000A7 6A31                     push dword 31h			; Button OK/Cancel | icon exclamation
    60 000000A9 68[1F000000]             push dword mbtitle		
    61 000000AE 68[26000000]             push dword mbtext  	
    62 000000B3 6A00                     push dword 0			
    63                                  
    64 000000B5 FF15[00000000]           call [MessageBoxA]
    65                                  
    66 000000BB C3                      ret
    67                                  
