     1                                  %INCLUDE "winAPI.inc"		;;Declare external procedure {winapi}
     1                              <1> extern ExitProcess
     2                              <1> extern AllocConsole 
     3                              <1> extern FreeConsole 
     4                              <1> extern SetConsoleTitleA 
     5                              <1> extern Sleep 
     6                              <1> extern GetStdHandle
     7                              <1> extern ReadFile
     8                              <1> extern WriteFile
     9                              <1> EXTERN MessageBoxA	
    10                              <1> 
    11                              <1> import ExitProcess		kernel32.dll
    12                              <1> import AllocConsole		kernel32.dll 
    13                              <1> import FreeConsole		kernel32.dll 
    14                              <1> import SetConsoleTitleA	kernel32.dll 
    15                              <1> import Sleep 			kernel32.dll
    16                              <1> import GetStdHandle 	kernel32.dll
    17                              <1> import ReadFile			kernel32.dll
    18                              <1> import WriteFile		kernel32.dll
    19                              <1> IMPORT MessageBoxA 		user32.dll
     2                                  %INCLUDE "Console1.mac"		;;Macro definition
     1                              <1> %macro NewConsole 3
     2                              <1> 	
     3                              <1> 	call [AllocConsole] 
     4                              <1> 
     5                              <1> 	push dword %1 
     6                              <1> 	call [SetConsoleTitleA] 
     7                              <1> 
     8                              <1> 	push dword -11 				
     9                              <1> 	call [GetStdHandle] 
    10                              <1> 	mov dword [%2], eax 
    11                              <1> 
    12                              <1> 	push dword -10				 
    13                              <1> 	call [GetStdHandle] 
    14                              <1> 	mov dword [%3], eax 
    15                              <1> 
    16                              <1> %endmacro
    17                              <1> 
    18                              <1> %macro QuitConsole 0
    19                              <1> 	call [FreeConsole] 
    20                              <1> 	xor eax, eax 
    21                              <1> 	push eax 
    22                              <1> 	call [ExitProcess]
    23                              <1> %endmacro
    24                              <1> 
    25                              <1> %macro Wait 1
    26                              <1> 	push dword %1*1000 		;; delay %1/1000 second 
    27                              <1> 	call [Sleep] 
    28                              <1> %endmacro
    29                              <1> 
    30                              <1> %macro DisplayText 4
    31                              <1> 	push dword 0 				
    32                              <1> 	push dword %4				
    33                              <1> 	push dword [%3] 			
    34                              <1> 	push dword %2				
    35                              <1> 	push dword [%1] 			
    36                              <1> 	call [WriteFile] 
    37                              <1> %endmacro
    38                              <1> 
    39                              <1> %macro GetText 4
    40                              <1> 	push dword 0 		
    41                              <1> 	push dword %4 		
    42                              <1> 	push dword [%3] 	
    43                              <1> 	push dword %2 		
    44                              <1> 	push dword [%1] 	
    45                              <1> 	call [ReadFile] 			
    46                              <1> %endmacro
     3                                  
     4                                  section .data
     5 00000000 48656C6C6F6F6F6F6F-     cTitle   	db "Hellooooo",0 
     5 00000009 00                 
     6                                  
     7 0000000A 0D0A0D0A594F555220-     msg1 		db 13,10,13,10,"YOUR NAME : ",0
     7 00000013 4E414D45203A2000   
     8 0000001B 11000000                msg1_len 	dd $-msg1
     9                                  
    10 0000001F 48656C6C6F2000          mbtitle 	db 'Hello ',0
    11 00000026 476F6F64204D6F726E-     mbtext		db 'Good Morning '
    11 0000002F 696E6720           
    12 00000033 <res 00000040>          buff		resb 64
    13 00000073 40000000                buff_len	dd 64
    14                                  
    15 00000077 202D2D20476F642042-     text2   	db ' -- God Bless You !!!',0
    15 00000080 6C65737320596F7520-
    15 00000089 21212100           
    16 0000008D 16000000                ptext2  	dd $-text2
    17                                  
    18 00000091 0D0A0D0A416761696E-     teks3		db 13,10,13,10,"Again ? (y/n) : ",0 
    18 0000009A 203F2028792F6E2920-
    18 000000A3 3A2000             
    19 000000A6 15000000                pteks3	    dd $-teks3
    20                                  
    21                                  section .bss
    22 00000000 <res 00000004>          hStdOut		resd 1 
    23 00000004 <res 00000004>          hStdIn		resd 1 
    24 00000008 <res 00000004>          nBytes		resd 1
    25 0000000C <res 00000004>          iBytes		resd 1
    26                                  
    27                                  section .text use32
    28                                  ..start:
    29                                  NewConsole 	cTitle, hStdOut, hStdIn
    29                              <1> 
    29 00000000 FF15[00000000]      <1>  call [AllocConsole]
    29                              <1> 
    29 00000006 68[00000000]        <1>  push dword %1
    29 0000000B FF15[00000000]      <1>  call [SetConsoleTitleA]
    29                              <1> 
    29 00000011 6AF5                <1>  push dword -11
    29 00000013 FF15[00000000]      <1>  call [GetStdHandle]
    29 00000019 A3[00000000]        <1>  mov dword [%2], eax
    29                              <1> 
    29 0000001E 6AF6                <1>  push dword -10
    29 00000020 FF15[00000000]      <1>  call [GetStdHandle]
    29 00000026 A3[04000000]        <1>  mov dword [%3], eax
    29                              <1> 
    30                                  
    31                                  Again:
    32                                  DisplayText	hStdOut, msg1, msg1_len, nBytes
    32 0000002B 6A00                <1>  push dword 0
    32 0000002D 68[08000000]        <1>  push dword %4
    32 00000032 FF35[1B000000]      <1>  push dword [%3]
    32 00000038 68[0A000000]        <1>  push dword %2
    32 0000003D FF35[00000000]      <1>  push dword [%1]
    32 00000043 FF15[00000000]      <1>  call [WriteFile]
    33                                  GetText		hStdIn, buff, buff_len, iBytes
    33 00000049 6A00                <1>  push dword 0
    33 0000004B 68[0C000000]        <1>  push dword %4
    33 00000050 FF35[73000000]      <1>  push dword [%3]
    33 00000056 68[33000000]        <1>  push dword %2
    33 0000005B FF35[04000000]      <1>  push dword [%1]
    33 00000061 FF15[00000000]      <1>  call [ReadFile]
    34                                  
    35 00000067 E85B000000              CALL mbox
    36                                  
    37                                  DisplayText	hStdOut, teks3, pteks3, nBytes
    37 0000006C 6A00                <1>  push dword 0
    37 0000006E 68[08000000]        <1>  push dword %4
    37 00000073 FF35[A6000000]      <1>  push dword [%3]
    37 00000079 68[91000000]        <1>  push dword %2
    37 0000007E FF35[00000000]      <1>  push dword [%1]
    37 00000084 FF15[00000000]      <1>  call [WriteFile]
    38                                  GetText		hStdIn, buff, buff_len, iBytes
    38 0000008A 6A00                <1>  push dword 0
    38 0000008C 68[0C000000]        <1>  push dword %4
    38 00000091 FF35[73000000]      <1>  push dword [%3]
    38 00000097 68[33000000]        <1>  push dword %2
    38 0000009C FF35[04000000]      <1>  push dword [%1]
    38 000000A2 FF15[00000000]      <1>  call [ReadFile]
    39                                  
    40 000000A8 BB[33000000]            mov ebx, buff
    41 000000AD 8A03                    mov al, [ebx]
    42 000000AF 3C79                    cmp al, 'y'
    43 000000B1 0F8474FFFFFF            JE Again
    44                                  
    45                                  QuitConsole
    45 000000B7 FF15[00000000]      <1>  call [FreeConsole]
    45 000000BD 31C0                <1>  xor eax, eax
    45 000000BF 50                  <1>  push eax
    45 000000C0 FF15[00000000]      <1>  call [ExitProcess]
    46                                  	
    47 000000C6 C3                      RET
    48                                  
    49                                  ; Display on MessageBox 
    50                                  ;-------------------------------------------------------------------------------------
    51                                  mbox:
    52 000000C7 BE[33000000]             mov esi, buff			; mbtext + buff + text2 (concatenate 3 string)
    53 000000CC 0335[0C000000]           add esi, [iBytes]
    54 000000D2 83EE02                   sub esi,2
    55                                  
    56 000000D5 B220                     mov dl,' '
    57 000000D7 8816                     mov [esi], dl
    58 000000D9 46                       inc esi
    59 000000DA 8B0D[8D000000]           mov ecx, [ptext2]
    60 000000E0 BB[77000000]             mov ebx, text2
    61                                   cptx:
    62 000000E5 8A13                    	mov dl, byte [ebx]
    63 000000E7 8816                    	mov [esi], dl
    64 000000E9 46                      	inc esi
    65 000000EA 43                      	inc ebx
    66 000000EB E2F8                     loop cptx
    67                                   
    68 000000ED 6A30                     push dword 30h			; Button OK | icon exclamation
    69 000000EF 68[1F000000]             push dword mbtitle		
    70 000000F4 68[26000000]             push dword mbtext  	
    71 000000F9 6A00                     push dword 0			
    72                                  
    73 000000FB FF15[00000000]           call [MessageBoxA]
    74                                  
    75 00000101 C3                      ret
    76                                  
