     1                                  ;EXTERNAL FUNCTION (WinAPI) IMPORT FROM DLL FILE 
     2                                  ;---------------------------------------------------------------------
     3                                  extern AllocConsole 
     4                                  extern GetStdHandle 
     5                                  extern WriteFile 
     6                                  extern ReadFile 
     7                                  extern FreeConsole 
     8                                  extern SetConsoleTitleA 
     9                                  extern SetConsoleCursorPosition 
    10                                  extern Sleep 
    11                                  extern ExitProcess 
    12                                  
    13                                  import AllocConsole kernel32.dll 
    14                                  import GetStdHandle kernel32.dll 
    15                                  import WriteFile kernel32.dll 
    16                                  import ReadFile kernel32.dll 
    17                                  import FreeConsole kernel32.dll 
    18                                  import SetConsoleTitleA kernel32.dll 
    19                                  import SetConsoleCursorPosition kernel32.dll 
    20                                  import Sleep kernel32.dll 
    21                                  import ExitProcess kernel32.dll 
    22                                  
    23                                  ;VARIABEL DECLARATION
    24                                  ;------------------------------------------------------------------------------------------------
    25                                  section .data use32		
    26 00000000 524556455253452054-     The_Title       db "REVERSE TEXT", 0 
    26 00000009 45585400           
    27 0000000D 0D0A0D0A2020202020-     Msg1            db 13,10,13,10,"     WRITE TEXT  : ", 0 
    27 00000016 575249544520544558-
    27 0000001F 5420203A2000       
    28 00000025 18000000                Msg1_len		dd $-Msg1
    29 00000029 0D0A0D0A2020202020-     Msg2            db 13,10,13,10,"     YOUR TEXT   : ", 0 
    29 00000032 594F55522054455854-
    29 0000003B 2020203A2000       
    30 00000041 18000000                Msg2_len		dd $-Msg2 
    31 00000045 0D0A0D0A2020202020-     Msg3            db 13,10,13,10,"     TEXT REVERSE: ", 0 
    31 0000004E 544558542052455645-
    31 00000057 5253453A2000       
    32 0000005D 18000000                Msg3_len		dd $-Msg3 
    33 00000061 0D0A0D0A2020202020-     Msg4			db 13,10,13,10,"     Wait 10 sec.......... to close", 13,10,0 
    33 0000006A 576169742031302073-
    33 00000073 65632E2E2E2E2E2E2E-
    33 0000007C 2E2E2E20746F20636C-
    33 00000085 6F73650D0A00       
    34 0000008B 2A000000                Msg4_len        dd $-Msg4 
    35                                  
    36 0000008F <res 000000FF>          buff			resb 255
    37 0000018E FF000000                buff_len		dd 255
    38 00000192 <res 000000FF>          buf2			resb 255
    39 00000291 FF000000                buf2_len		dd 255
    40                                  
    41                                  section .bss use32	;; Initialize variabel: hStdOut, hStdIn, nBytes, iBytes AS double-word TYPE
    42                                  
    43 00000000 <res 00000004>          hStdOut         resd 1 
    44 00000004 <res 00000004>          hStdIn          resd 1 
    45 00000008 <res 00000004>          nBytes          resd 1
    46 0000000C <res 00000004>          iBytes          resd 1
    47                                  
    48                                  ; START PROGRAM
    49                                  ;--------------------------------------------------------------------------------------------------
    50                                  section .text use32 
    51                                  ..start: 
    52                                  
    53 00000000 FF15[00000000]          call [AllocConsole] 
    54                                  
    55 00000006 68[00000000]            push dword The_Title 
    56 0000000B FF15[00000000]          call [SetConsoleTitleA] 
    57                                  
    58 00000011 6AF5                    push dword -11 				;; STD_OUTPUT_HANDLE = -11.
    59 00000013 FF15[00000000]          call [GetStdHandle] 
    60 00000019 A3[00000000]            mov dword [hStdOut], eax 
    61                                  
    62 0000001E 6AF6                    push dword -10				;; STD_INPUT_HANDLE = -10 
    63 00000020 FF15[00000000]          call [GetStdHandle] 
    64 00000026 A3[04000000]            mov dword [hStdIn], eax 
    65                                  							;; menampilkan Teks ke Console(Monitor) dg WriteFile
    66 0000002B 6A00                    push dword 0 				;; parameter ke 5 dari WriteFile() adalah 0 
    67 0000002D 68[08000000]            push dword nBytes			;; parameter ke 4 jumlah byte yg sesungguhnya tertulis
    68 00000032 FF35[25000000]          push dword [Msg1_len] 		;; parameter ke 3 panjang string
    69 00000038 68[0D000000]            push dword Msg1				;; parameter ke 2 string yang akan ditampilkan
    70 0000003D FF35[00000000]          push dword [hStdOut] 		;; parameter ke 1 handle stdout
    71 00000043 FF15[00000000]          call [WriteFile] 				
    72                                  							;; membaca string dari Console(keyboard) dg ReadFile
    73 00000049 6A00                    push dword 0 				;; parameter ke 5 dari ReadFile() adalah 0 
    74 0000004B 68[0C000000]            push dword iBytes 			;; parameter ke 4 jumlah byte yg sesungguhnya terbaca (TERMASUK ENTER)
    75 00000050 FF35[8E010000]          push dword [buff_len] 		;; parameter ke 3 panjang buffer yg disediakan
    76 00000056 68[8F000000]            push dword buff 			;; parameter ke 2 buffer untuk menyimpan string yg dibaca 
    77 0000005B FF35[04000000]          push dword [hStdIn] 		;; parameter ke 1 handle stdin
    78 00000061 FF15[00000000]          call [ReadFile] 			
    79                                  
    80                                  							;; menampilkan Teks ke Console(Monitor) dg WriteFile
    81 00000067 6A00                    push dword 0 				;; parameter ke 5 dari WriteFile() adalah 0 
    82 00000069 68[08000000]            push dword nBytes			;; parameter ke 4 jumlah byte yg sesungguhnya tertulis
    83 0000006E FF35[41000000]          push dword [Msg2_len] 		;; parameter ke 3 panjang string
    84 00000074 68[29000000]            push dword Msg2				;; parameter ke 2 string yang akan ditampilkan 
    85 00000079 FF35[00000000]          push dword [hStdOut] 		;; parameter ke 1 handle stdout
    86 0000007F FF15[00000000]          call [WriteFile] 				
    87                                  
    88 00000085 6A00                    push dword 0 				;; parameter ke 5 dari WriteFile() adalah 0 
    89 00000087 68[08000000]            push dword nBytes			;; parameter ke 4 jumlah byte yg sesungguhnya tertulis
    90 0000008C FF35[0C000000]          push dword [iBytes] 		;; parameter ke 3 panjang string
    91 00000092 68[8F000000]            push dword buff				;; parameter ke 2 string yang akan ditampilkan 
    92 00000097 FF35[00000000]          push dword [hStdOut] 		;; parameter ke 1 handle stdout
    93 0000009D FF15[00000000]          call [WriteFile] 
    94                                  
    95                                  ;REVERSE TEXT:	
    96                                  ;-----------------------------------------------------------------------------------------------
    97 000000A3 BB[8F000000]            mov ebx, dword buff
    98 000000A8 8B0D[0C000000]          mov ecx, [iBytes]
    99 000000AE 01CB                    add ebx, ecx
   100 000000B0 83EB03                  sub ebx,3					; EBX berisi alamat terakhir (sebelum enter)
   101                                  
   102 000000B3 BE[92010000]            mov esi, buf2				; ESI alamat tujuan
   103 000000B8 83E902                  sub ecx,2					; counter kurangi 2 (krn tdk termasuk enter)
   104 000000BB 890D[91020000]          mov [buf2_len], ecx
   105                                  
   106                                  balik:
   107 000000C1 8A03                    	mov al, byte [ebx]
   108 000000C3 8806                    	mov [esi], al
   109 000000C5 4B                      	dec ebx
   110 000000C6 46                      	inc esi
   111 000000C7 E2F8                    	loop balik
   112                                  ;------------------------------------------------------------------------------------------------
   113                                  
   114                                  							;; menampilkan Teks ke Console(Monitor) dg WriteFile
   115 000000C9 6A00                    push dword 0 				;; parameter ke 5 dari WriteFile() adalah 0 
   116 000000CB 68[08000000]            push dword nBytes			;; parameter ke 4 jumlah byte yg sesungguhnya tertulis
   117 000000D0 FF35[5D000000]          push dword [Msg3_len] 		;; parameter ke 3 panjang string
   118 000000D6 68[45000000]            push dword Msg3				;; parameter ke 2 string yang akan ditampilkan "Tampilkan lagi: "
   119 000000DB FF35[00000000]          push dword [hStdOut] 		;; parameter ke 1 handle stdout
   120 000000E1 FF15[00000000]          call [WriteFile] 				
   121                                  
   122 000000E7 6A00                    push dword 0 				;; parameter ke 5 dari WriteFile() adalah 0 
   123 000000E9 68[08000000]            push dword nBytes			;; parameter ke 4 jumlah byte yg sesungguhnya tertulis
   124 000000EE FF35[0C000000]          push dword [iBytes] 		;; parameter ke 3 panjang string
   125 000000F4 68[92010000]            push dword buf2				;; parameter ke 2 string yang akan ditampilkan 
   126 000000F9 FF35[00000000]          push dword [hStdOut] 		;; parameter ke 1 handle stdout
   127 000000FF FF15[00000000]          call [WriteFile] 
   128                                  			
   129 00000105 6A00                    push dword 0 
   130 00000107 68[08000000]            push dword nBytes 
   131 0000010C FF35[8B000000]          push dword [Msg4_len] 
   132 00000112 68[61000000]            push dword Msg4 			;;parameter ke 2 string "Tunggu 10 detik ...................."
   133 00000117 FF35[00000000]          push dword [hStdOut] 
   134 0000011D FF15[00000000]          call [WriteFile] 
   135                                  
   136 00000123 6810270000              push dword 10000 			;; delay 10 second 
   137 00000128 FF15[00000000]          call [Sleep] 
   138                                  
   139 0000012E FF15[00000000]          call [FreeConsole] 
   140                                  
   141 00000134 31C0                    xor eax, eax 
   142 00000136 50                      push eax 
   143 00000137 FF15[00000000]          call [ExitProcess] 
